SupervisionLivraisons/app/build/intermediates/manifest_merge_blame_file/debug/processDebugMainManifest/manifest-merger-blame-debug-report.txt
1<?xml version="1.0" encoding="utf-8"?>
2<manifest xmlns:android="http://schemas.android.com/apk/res/android"
3    package="com.supervision.livraisons"
4    android:versionCode="1"
5    android:versionName="1.0" >
6
7    <uses-sdk
8        android:minSdkVersion="26"
9        android:targetSdkVersion="34" />
10
11    <uses-permission android:name="android.permission.INTERNET" />
11-->src\main\AndroidManifest.xml:4:5-66
11-->src\main\AndroidManifest.xml:4:22-64
12    <uses-permission android:name="android.permission.ACCESS_NETWORK_STATE" />
12-->src\main\AndroidManifest.xml:5:5-78
12-->src\main\AndroidManifest.xml:5:22-76
13    <uses-permission android:name="android.permission.POST_NOTIFICATIONS" />
13-->src\main\AndroidManifest.xml:6:5-76
13-->src\main\AndroidManifest.xml:6:22-74
14    <uses-permission android:name="android.permission.ACCESS_FINE_LOCATION" />
14-->src\main\AndroidManifest.xml:7:5-78
14-->src\main\AndroidManifest.xml:7:22-76
15    <uses-permission android:name="android.permission.ACCESS_COARSE_LOCATION" />
15-->src\main\AndroidManifest.xml:8:5-80
15-->src\main\AndroidManifest.xml:8:22-78
16
17    <uses-feature
17-->[com.google.android.gms:play-services-maps:18.2.0] AndroidManifest.xml:26:5-28:35
18        android:glEsVersion="0x00020000"
18-->[com.google.android.gms:play-services-maps:18.2.0] AndroidManifest.xml:27:9-41
19        android:required="true" />
19-->[com.google.android.gms:play-services-maps:18.2.0] AndroidManifest.xml:28:9-32
20
21    <queries>
21-->[com.google.android.gms:play-services-maps:18.2.0] AndroidManifest.xml:30:5-34:15
22
23        <!-- Needs to be explicitly declared on Android R+ -->
24        <package android:name="com.google.android.apps.maps" />
24-->[com.google.android.gms:play-services-maps:18.2.0] AndroidManifest.xml:33:9-64
24-->[com.google.android.gms:play-services-maps:18.2.0] AndroidManifest.xml:33:18-61
25    </queries>
26
27    <uses-permission android:name="android.permission.WAKE_LOCK" />
27-->[androidx.work:work-runtime:2.9.1] AndroidManifest.xml:23:5-68
27-->[androidx.work:work-runtime:2.9.1] AndroidManifest.xml:23:22-65
28    <uses-permission android:name="android.permission.RECEIVE_BOOT_COMPLETED" />
28-->[androidx.work:work-runtime:2.9.1] AndroidManifest.xml:25:5-81
28-->[androidx.work:work-runtime:2.9.1] AndroidManifest.xml:25:22-78
29    <uses-permission android:name="android.permission.FOREGROUND_SERVICE" />
29-->[androidx.work:work-runtime:2.9.1] AndroidManifest.xml:26:5-77
29-->[androidx.work:work-runtime:2.9.1] AndroidManifest.xml:26:22-74
30
31    <permission
31-->[androidx.core:core:1.13.0] AndroidManifest.xml:22:5-24:47
32        android:name="com.supervision.livraisons.DYNAMIC_RECEIVER_NOT_EXPORTED_PERMISSION"
32-->[androidx.core:core:1.13.0] AndroidManifest.xml:23:9-81
33        android:protectionLevel="signature" />
33-->[androidx.core:core:1.13.0] AndroidManifest.xml:24:9-44
34
35    <uses-permission android:name="com.supervision.livraisons.DYNAMIC_RECEIVER_NOT_EXPORTED_PERMISSION" />
35-->[androidx.core:core:1.13.0] AndroidManifest.xml:26:5-97
35-->[androidx.core:core:1.13.0] AndroidManifest.xml:26:22-94
36
37    <application
37-->src\main\AndroidManifest.xml:10:5-43:19
38        android:name="com.supervision.livraisons.SupervisionLivraisonsApp"
38-->src\main\AndroidManifest.xml:11:9-49
39        android:allowBackup="true"
39-->src\main\AndroidManifest.xml:12:9-35
40        android:appComponentFactory="androidx.core.app.CoreComponentFactory"
40-->[androidx.core:core:1.13.0] AndroidManifest.xml:28:18-86
41        android:debuggable="true"
42        android:extractNativeLibs="false"
43        android:icon="@mipmap/ic_launcher"
43-->src\main\AndroidManifest.xml:13:9-43
44        android:label="@string/app_name"
44-->src\main\AndroidManifest.xml:14:9-41
45        android:roundIcon="@mipmap/ic_launcher_round"
45-->src\main\AndroidManifest.xml:15:9-54
46        android:supportsRtl="true"
46-->src\main\AndroidManifest.xml:16:9-35
47        android:testOnly="true"
48        android:theme="@style/Theme.SupervisionLivraisons"
48-->src\main\AndroidManifest.xml:17:9-59
49        android:usesCleartextTraffic="true" >
49-->src\main\AndroidManifest.xml:18:9-44
50        <meta-data
50-->src\main\AndroidManifest.xml:20:9-22:55
51            android:name="com.google.android.geo.API_KEY"
51-->src\main\AndroidManifest.xml:21:13-58
52            android:value="YOUR_GOOGLE_MAPS_API_KEY" />
52-->src\main\AndroidManifest.xml:22:13-53
53
54        <activity
54-->src\main\AndroidManifest.xml:24:9-32:20
55            android:name="com.supervision.livraisons.ui.auth.LoginActivity"
55-->src\main\AndroidManifest.xml:25:13-50
56            android:exported="true"
56-->src\main\AndroidManifest.xml:26:13-36
57            android:windowSoftInputMode="adjustResize" >
57-->src\main\AndroidManifest.xml:27:13-55
58            <intent-filter>
58-->src\main\AndroidManifest.xml:28:13-31:29
59                <action android:name="android.intent.action.MAIN" />
59-->src\main\AndroidManifest.xml:29:17-68
59-->src\main\AndroidManifest.xml:29:25-66
60
61                <category android:name="android.intent.category.LAUNCHER" />
61-->src\main\AndroidManifest.xml:30:17-76
61-->src\main\AndroidManifest.xml:30:27-74
62            </intent-filter>
63        </activity>
64        <activity
64-->src\main\AndroidManifest.xml:34:9-97
65            android:name="com.supervision.livraisons.ui.livreur.TodaysDeliveriesActivity"
65-->src\main\AndroidManifest.xml:34:19-70
66            android:exported="false" />
66-->src\main\AndroidManifest.xml:34:71-95
67        <activity
67-->src\main\AndroidManifest.xml:35:9-94
68            android:name="com.supervision.livraisons.ui.livreur.AllDeliveriesActivity"
68-->src\main\AndroidManifest.xml:35:19-67
69            android:exported="false" />
69-->src\main\AndroidManifest.xml:35:68-92
70        <activity
70-->src\main\AndroidManifest.xml:36:9-95
71            android:name="com.supervision.livraisons.ui.livreur.DeliveryDetailActivity"
71-->src\main\AndroidManifest.xml:36:19-68
72            android:exported="false" />
72-->src\main\AndroidManifest.xml:36:69-93
73        <activity
73-->src\main\AndroidManifest.xml:37:9-101
74            android:name="com.supervision.livraisons.ui.livreur.UpdateDeliveryStatusActivity"
74-->src\main\AndroidManifest.xml:37:19-74
75            android:exported="false" />
75-->src\main\AndroidManifest.xml:37:75-99
76        <activity
76-->src\main\AndroidManifest.xml:38:9-93
77            android:name="com.supervision.livraisons.ui.livreur.SearchScreenActivity"
77-->src\main\AndroidManifest.xml:38:19-66
78            android:exported="false" />
78-->src\main\AndroidManifest.xml:38:67-91
79        <activity
79-->src\main\AndroidManifest.xml:39:9-103
80            android:name="com.supervision.livraisons.ui.controleur.ControleurDashboardActivity"
80-->src\main\AndroidManifest.xml:39:19-76
81            android:exported="false" />
81-->src\main\AndroidManifest.xml:39:77-101
82        <activity
82-->src\main\AndroidManifest.xml:40:9-100
83            android:name="com.supervision.livraisons.ui.controleur.EmergencyMessageActivity"
83-->src\main\AndroidManifest.xml:40:19-73
84            android:exported="false" />
84-->src\main\AndroidManifest.xml:40:74-98
85        <activity
85-->src\main\AndroidManifest.xml:41:9-98
86            android:name="com.supervision.livraisons.ui.messaging.MessagingScreenActivity"
86-->src\main\AndroidManifest.xml:41:19-71
87            android:exported="false" />
87-->src\main\AndroidManifest.xml:41:72-96
88        <activity
88-->src\main\AndroidManifest.xml:42:9-95
89            android:name="com.supervision.livraisons.ui.messaging.ConversationActivity"
89-->src\main\AndroidManifest.xml:42:19-68
90            android:exported="false" />
90-->src\main\AndroidManifest.xml:42:69-93
91        <!-- Needs to be explicitly declared on P+ -->
92        <uses-library
92-->[com.google.android.gms:play-services-maps:18.2.0] AndroidManifest.xml:39:9-41:40
93            android:name="org.apache.http.legacy"
93-->[com.google.android.gms:play-services-maps:18.2.0] AndroidManifest.xml:40:13-50
94            android:required="false" />
94-->[com.google.android.gms:play-services-maps:18.2.0] AndroidManifest.xml:41:13-37
95
96        <activity
96-->[com.google.android.gms:play-services-base:18.3.0] AndroidManifest.xml:20:9-22:45
97            android:name="com.google.android.gms.common.api.GoogleApiActivity"
97-->[com.google.android.gms:play-services-base:18.3.0] AndroidManifest.xml:20:19-85
98            android:exported="false"
98-->[com.google.android.gms:play-services-base:18.3.0] AndroidManifest.xml:22:19-43
99            android:theme="@android:style/Theme.Translucent.NoTitleBar" />
99-->[com.google.android.gms:play-services-base:18.3.0] AndroidManifest.xml:21:19-78
100
101        <meta-data
101-->[com.google.android.gms:play-services-basement:18.3.0] AndroidManifest.xml:21:9-23:69
102            android:name="com.google.android.gms.version"
102-->[com.google.android.gms:play-services-basement:18.3.0] AndroidManifest.xml:22:13-58
103            android:value="@integer/google_play_services_version" />
103-->[com.google.android.gms:play-services-basement:18.3.0] AndroidManifest.xml:23:13-66
104
105        <provider
105-->[androidx.work:work-runtime:2.9.1] AndroidManifest.xml:29:9-37:20
106            android:name="androidx.startup.InitializationProvider"
106-->[androidx.work:work-runtime:2.9.1] AndroidManifest.xml:30:13-67
107            android:authorities="com.supervision.livraisons.androidx-startup"
107-->[androidx.work:work-runtime:2.9.1] AndroidManifest.xml:31:13-68
108            android:exported="false" >
108-->[androidx.work:work-runtime:2.9.1] AndroidManifest.xml:32:13-37
109            <meta-data
109-->[androidx.work:work-runtime:2.9.1] AndroidManifest.xml:34:13-36:52
110                android:name="androidx.work.WorkManagerInitializer"
110-->[androidx.work:work-runtime:2.9.1] AndroidManifest.xml:35:17-68
111                android:value="androidx.startup" />
111-->[androidx.work:work-runtime:2.9.1] AndroidManifest.xml:36:17-49
112            <meta-data
112-->[androidx.emoji2:emoji2:1.3.0] AndroidManifest.xml:29:13-31:52
113                android:name="androidx.emoji2.text.EmojiCompatInitializer"
113-->[androidx.emoji2:emoji2:1.3.0] AndroidManifest.xml:30:17-75
114                android:value="androidx.startup" />
114-->[androidx.emoji2:emoji2:1.3.0] AndroidManifest.xml:31:17-49
115            <meta-data
115-->[androidx.lifecycle:lifecycle-process:2.7.0] AndroidManifest.xml:29:13-31:52
116                android:name="androidx.lifecycle.ProcessLifecycleInitializer"
116-->[androidx.lifecycle:lifecycle-process:2.7.0] AndroidManifest.xml:30:17-78
117                android:value="androidx.startup" />
117-->[androidx.lifecycle:lifecycle-process:2.7.0] AndroidManifest.xml:31:17-49
118            <meta-data
118-->[androidx.profileinstaller:profileinstaller:1.3.1] AndroidManifest.xml:29:13-31:52
119                android:name="androidx.profileinstaller.ProfileInstallerInitializer"
119-->[androidx.profileinstaller:profileinstaller:1.3.1] AndroidManifest.xml:30:17-85
120                android:value="androidx.startup" />
120-->[androidx.profileinstaller:profileinstaller:1.3.1] AndroidManifest.xml:31:17-49
121        </provider>
122
123        <service
123-->[androidx.work:work-runtime:2.9.1] AndroidManifest.xml:39:9-45:35
124            android:name="androidx.work.impl.background.systemalarm.SystemAlarmService"
124-->[androidx.work:work-runtime:2.9.1] AndroidManifest.xml:40:13-88
125            android:directBootAware="false"
125-->[androidx.work:work-runtime:2.9.1] AndroidManifest.xml:41:13-44
126            android:enabled="@bool/enable_system_alarm_service_default"
126-->[androidx.work:work-runtime:2.9.1] AndroidManifest.xml:42:13-72
127            android:exported="false" />
127-->[androidx.work:work-runtime:2.9.1] AndroidManifest.xml:43:13-37
128        <service
128-->[androidx.work:work-runtime:2.9.1] AndroidManifest.xml:46:9-52:35
129            android:name="androidx.work.impl.background.systemjob.SystemJobService"
129-->[androidx.work:work-runtime:2.9.1] AndroidManifest.xml:47:13-84
130            android:directBootAware="false"
130-->[androidx.work:work-runtime:2.9.1] AndroidManifest.xml:48:13-44
131            android:enabled="@bool/enable_system_job_service_default"
131-->[androidx.work:work-runtime:2.9.1] AndroidManifest.xml:49:13-70
132            android:exported="true"
132-->[androidx.work:work-runtime:2.9.1] AndroidManifest.xml:50:13-36
133            android:permission="android.permission.BIND_JOB_SERVICE" />
133-->[androidx.work:work-runtime:2.9.1] AndroidManifest.xml:51:13-69
134        <service
134-->[androidx.work:work-runtime:2.9.1] AndroidManifest.xml:53:9-59:35
135            android:name="androidx.work.impl.foreground.SystemForegroundService"
135-->[androidx.work:work-runtime:2.9.1] AndroidManifest.xml:54:13-81
136            android:directBootAware="false"
136-->[androidx.work:work-runtime:2.9.1] AndroidManifest.xml:55:13-44
137            android:enabled="@bool/enable_system_foreground_service_default"
137-->[androidx.work:work-runtime:2.9.1] AndroidManifest.xml:56:13-77
138            android:exported="false" />
138-->[androidx.work:work-runtime:2.9.1] AndroidManifest.xml:57:13-37
139
140        <receiver
140-->[androidx.work:work-runtime:2.9.1] AndroidManifest.xml:61:9-66:35
141            android:name="androidx.work.impl.utils.ForceStopRunnable$BroadcastReceiver"
141-->[androidx.work:work-runtime:2.9.1] AndroidManifest.xml:62:13-88
142            android:directBootAware="false"
142-->[androidx.work:work-runtime:2.9.1] AndroidManifest.xml:63:13-44
143            android:enabled="true"
143-->[androidx.work:work-runtime:2.9.1] AndroidManifest.xml:64:13-35
144            android:exported="false" />
144-->[androidx.work:work-runtime:2.9.1] AndroidManifest.xml:65:13-37
145        <receiver
145-->[androidx.work:work-runtime:2.9.1] AndroidManifest.xml:67:9-77:20
146            android:name="androidx.work.impl.background.systemalarm.ConstraintProxy$BatteryChargingProxy"
146-->[androidx.work:work-runtime:2.9.1] AndroidManifest.xml:68:13-106
147            android:directBootAware="false"
147-->[androidx.work:work-runtime:2.9.1] AndroidManifest.xml:69:13-44
148            android:enabled="false"
148-->[androidx.work:work-runtime:2.9.1] AndroidManifest.xml:70:13-36
149            android:exported="false" >
149-->[androidx.work:work-runtime:2.9.1] AndroidManifest.xml:71:13-37
150            <intent-filter>
150-->[androidx.work:work-runtime:2.9.1] AndroidManifest.xml:73:13-76:29
151                <action android:name="android.intent.action.ACTION_POWER_CONNECTED" />
151-->[androidx.work:work-runtime:2.9.1] AndroidManifest.xml:74:17-87
151-->[androidx.work:work-runtime:2.9.1] AndroidManifest.xml:74:25-84
152                <action android:name="android.intent.action.ACTION_POWER_DISCONNECTED" />
152-->[androidx.work:work-runtime:2.9.1] AndroidManifest.xml:75:17-90
152-->[androidx.work:work-runtime:2.9.1] AndroidManifest.xml:75:25-87
153            </intent-filter>
154        </receiver>
155        <receiver
155-->[androidx.work:work-runtime:2.9.1] AndroidManifest.xml:78:9-88:20
156            android:name="androidx.work.impl.background.systemalarm.ConstraintProxy$BatteryNotLowProxy"
156-->[androidx.work:work-runtime:2.9.1] AndroidManifest.xml:79:13-104
157            android:directBootAware="false"
157-->[androidx.work:work-runtime:2.9.1] AndroidManifest.xml:80:13-44
158            android:enabled="false"
158-->[androidx.work:work-runtime:2.9.1] AndroidManifest.xml:81:13-36
159            android:exported="false" >
159-->[androidx.work:work-runtime:2.9.1] AndroidManifest.xml:82:13-37
160            <intent-filter>
160-->[androidx.work:work-runtime:2.9.1] AndroidManifest.xml:84:13-87:29
161                <action android:name="android.intent.action.BATTERY_OKAY" />
161-->[androidx.work:work-runtime:2.9.1] AndroidManifest.xml:85:17-77
161-->[androidx.work:work-runtime:2.9.1] AndroidManifest.xml:85:25-74
162                <action android:name="android.intent.action.BATTERY_LOW" />
162-->[androidx.work:work-runtime:2.9.1] AndroidManifest.xml:86:17-76
162-->[androidx.work:work-runtime:2.9.1] AndroidManifest.xml:86:25-73
163            </intent-filter>
164        </receiver>
165        <receiver
165-->[androidx.work:work-runtime:2.9.1] AndroidManifest.xml:89:9-99:20
166            android:name="androidx.work.impl.background.systemalarm.ConstraintProxy$StorageNotLowProxy"
166-->[androidx.work:work-runtime:2.9.1] AndroidManifest.xml:90:13-104
167            android:directBootAware="false"
167-->[androidx.work:work-runtime:2.9.1] AndroidManifest.xml:91:13-44
168            android:enabled="false"
168-->[androidx.work:work-runtime:2.9.1] AndroidManifest.xml:92:13-36
169            android:exported="false" >
169-->[androidx.work:work-runtime:2.9.1] AndroidManifest.xml:93:13-37
170            <intent-filter>
170-->[androidx.work:work-runtime:2.9.1] AndroidManifest.xml:95:13-98:29
171                <action android:name="android.intent.action.DEVICE_STORAGE_LOW" />
171-->[androidx.work:work-runtime:2.9.1] AndroidManifest.xml:96:17-83
171-->[androidx.work:work-runtime:2.9.1] AndroidManifest.xml:96:25-80
172                <action android:name="android.intent.action.DEVICE_STORAGE_OK" />
172-->[androidx.work:work-runtime:2.9.1] AndroidManifest.xml:97:17-82
172-->[androidx.work:work-runtime:2.9.1] AndroidManifest.xml:97:25-79
173            </intent-filter>
174        </receiver>
175        <receiver
175-->[androidx.work:work-runtime:2.9.1] AndroidManifest.xml:100:9-109:20
176            android:name="androidx.work.impl.background.systemalarm.ConstraintProxy$NetworkStateProxy"
176-->[androidx.work:work-runtime:2.9.1] AndroidManifest.xml:101:13-103
177            android:directBootAware="false"
177-->[androidx.work:work-runtime:2.9.1] AndroidManifest.xml:102:13-44
178            android:enabled="false"
178-->[androidx.work:work-runtime:2.9.1] AndroidManifest.xml:103:13-36
179            android:exported="false" >
179-->[androidx.work:work-runtime:2.9.1] AndroidManifest.xml:104:13-37
180            <intent-filter>
180-->[androidx.work:work-runtime:2.9.1] AndroidManifest.xml:106:13-108:29
181                <action android:name="android.net.conn.CONNECTIVITY_CHANGE" />
181-->[androidx.work:work-runtime:2.9.1] AndroidManifest.xml:107:17-79
181-->[androidx.work:work-runtime:2.9.1] AndroidManifest.xml:107:25-76
182            </intent-filter>
183        </receiver>
184        <receiver
184-->[androidx.work:work-runtime:2.9.1] AndroidManifest.xml:110:9-121:20
185            android:name="androidx.work.impl.background.systemalarm.RescheduleReceiver"
185-->[androidx.work:work-runtime:2.9.1] AndroidManifest.xml:111:13-88
186            android:directBootAware="false"
186-->[androidx.work:work-runtime:2.9.1] AndroidManifest.xml:112:13-44
187            android:enabled="false"
187-->[androidx.work:work-runtime:2.9.1] AndroidManifest.xml:113:13-36
188            android:exported="false" >
188-->[androidx.work:work-runtime:2.9.1] AndroidManifest.xml:114:13-37
189            <intent-filter>
189-->[androidx.work:work-runtime:2.9.1] AndroidManifest.xml:116:13-120:29
190                <action android:name="android.intent.action.BOOT_COMPLETED" />
190-->[androidx.work:work-runtime:2.9.1] AndroidManifest.xml:117:17-79
190-->[androidx.work:work-runtime:2.9.1] AndroidManifest.xml:117:25-76
191                <action android:name="android.intent.action.TIME_SET" />
191-->[androidx.work:work-runtime:2.9.1] AndroidManifest.xml:118:17-73
191-->[androidx.work:work-runtime:2.9.1] AndroidManifest.xml:118:25-70
192                <action android:name="android.intent.action.TIMEZONE_CHANGED" />
192-->[androidx.work:work-runtime:2.9.1] AndroidManifest.xml:119:17-81
192-->[androidx.work:work-runtime:2.9.1] AndroidManifest.xml:119:25-78
193            </intent-filter>
194        </receiver>
195        <receiver
195-->[androidx.work:work-runtime:2.9.1] AndroidManifest.xml:122:9-131:20
196            android:name="androidx.work.impl.background.systemalarm.ConstraintProxyUpdateReceiver"
196-->[androidx.work:work-runtime:2.9.1] AndroidManifest.xml:123:13-99
197            android:directBootAware="false"
197-->[androidx.work:work-runtime:2.9.1] AndroidManifest.xml:124:13-44
198            android:enabled="@bool/enable_system_alarm_service_default"
198-->[androidx.work:work-runtime:2.9.1] AndroidManifest.xml:125:13-72
199            android:exported="false" >
199-->[androidx.work:work-runtime:2.9.1] AndroidManifest.xml:126:13-37
200            <intent-filter>
200-->[androidx.work:work-runtime:2.9.1] AndroidManifest.xml:128:13-130:29
201                <action android:name="androidx.work.impl.background.systemalarm.UpdateProxies" />
201-->[androidx.work:work-runtime:2.9.1] AndroidManifest.xml:129:17-98
201-->[androidx.work:work-runtime:2.9.1] AndroidManifest.xml:129:25-95
202            </intent-filter>
203        </receiver>
204        <receiver
204-->[androidx.work:work-runtime:2.9.1] AndroidManifest.xml:132:9-142:20
205            android:name="androidx.work.impl.diagnostics.DiagnosticsReceiver"
205-->[androidx.work:work-runtime:2.9.1] AndroidManifest.xml:133:13-78
206            android:directBootAware="false"
206-->[androidx.work:work-runtime:2.9.1] AndroidManifest.xml:134:13-44
207            android:enabled="true"
207-->[androidx.work:work-runtime:2.9.1] AndroidManifest.xml:135:13-35
208            android:exported="true"
208-->[androidx.work:work-runtime:2.9.1] AndroidManifest.xml:136:13-36
209            android:permission="android.permission.DUMP" >
209-->[androidx.work:work-runtime:2.9.1] AndroidManifest.xml:137:13-57
210            <intent-filter>
210-->[androidx.work:work-runtime:2.9.1] AndroidManifest.xml:139:13-141:29
211                <action android:name="androidx.work.diagnostics.REQUEST_DIAGNOSTICS" />
211-->[androidx.work:work-runtime:2.9.1] AndroidManifest.xml:140:17-88
211-->[androidx.work:work-runtime:2.9.1] AndroidManifest.xml:140:25-85
212            </intent-filter>
213        </receiver>
214
215        <uses-library
215-->[androidx.window:window:1.0.0] AndroidManifest.xml:25:9-27:40
216            android:name="androidx.window.extensions"
216-->[androidx.window:window:1.0.0] AndroidManifest.xml:26:13-54
217            android:required="false" />
217-->[androidx.window:window:1.0.0] AndroidManifest.xml:27:13-37
218        <uses-library
218-->[androidx.window:window:1.0.0] AndroidManifest.xml:28:9-30:40
219            android:name="androidx.window.sidecar"
219-->[androidx.window:window:1.0.0] AndroidManifest.xml:29:13-51
220            android:required="false" />
220-->[androidx.window:window:1.0.0] AndroidManifest.xml:30:13-37
221
222        <service
222-->[com.google.android.datatransport:transport-runtime:4.1.1] AndroidManifest.xml:24:9-28:19
223            android:name="com.google.android.datatransport.runtime.scheduling.jobscheduling.JobInfoSchedulerService"
223-->[com.google.android.datatransport:transport-runtime:4.1.1] AndroidManifest.xml:25:13-117
224            android:exported="false"
224-->[com.google.android.datatransport:transport-runtime:4.1.1] AndroidManifest.xml:26:13-37
225            android:permission="android.permission.BIND_JOB_SERVICE" >
225-->[com.google.android.datatransport:transport-runtime:4.1.1] AndroidManifest.xml:27:13-69
226        </service>
227
228        <receiver
228-->[com.google.android.datatransport:transport-runtime:4.1.1] AndroidManifest.xml:30:9-32:40
229            android:name="com.google.android.datatransport.runtime.scheduling.jobscheduling.AlarmManagerSchedulerBroadcastReceiver"
229-->[com.google.android.datatransport:transport-runtime:4.1.1] AndroidManifest.xml:31:13-132
230            android:exported="false" />
230-->[com.google.android.datatransport:transport-runtime:4.1.1] AndroidManifest.xml:32:13-37
231
232        <service
232-->[com.google.android.datatransport:transport-runtime:4.1.1] AndroidManifest.xml:34:9-36:40
233            android:name="com.google.android.datatransport.runtime.backends.TransportBackendDiscovery"
233-->[com.google.android.datatransport:transport-runtime:4.1.1] AndroidManifest.xml:35:13-103
234            android:exported="false" />
234-->[com.google.android.datatransport:transport-runtime:4.1.1] AndroidManifest.xml:36:13-37
235        <service
235-->[androidx.room:room-runtime:2.5.2] AndroidManifest.xml:24:9-28:63
236            android:name="androidx.room.MultiInstanceInvalidationService"
236-->[androidx.room:room-runtime:2.5.2] AndroidManifest.xml:25:13-74
237            android:directBootAware="true"
237-->[androidx.room:room-runtime:2.5.2] AndroidManifest.xml:26:13-43
238            android:exported="false" />
238-->[androidx.room:room-runtime:2.5.2] AndroidManifest.xml:27:13-37
239
240        <receiver
240-->[androidx.profileinstaller:profileinstaller:1.3.1] AndroidManifest.xml:34:9-52:20
241            android:name="androidx.profileinstaller.ProfileInstallReceiver"
241-->[androidx.profileinstaller:profileinstaller:1.3.1] AndroidManifest.xml:35:13-76
242            android:directBootAware="false"
242-->[androidx.profileinstaller:profileinstaller:1.3.1] AndroidManifest.xml:36:13-44
243            android:enabled="true"
243-->[androidx.profileinstaller:profileinstaller:1.3.1] AndroidManifest.xml:37:13-35
244            android:exported="true"
244-->[androidx.profileinstaller:profileinstaller:1.3.1] AndroidManifest.xml:38:13-36
245            android:permission="android.permission.DUMP" >
245-->[androidx.profileinstaller:profileinstaller:1.3.1] AndroidManifest.xml:39:13-57
246            <intent-filter>
246-->[androidx.profileinstaller:profileinstaller:1.3.1] AndroidManifest.xml:40:13-42:29
247                <action android:name="androidx.profileinstaller.action.INSTALL_PROFILE" />
247-->[androidx.profileinstaller:profileinstaller:1.3.1] AndroidManifest.xml:41:17-91
247-->[androidx.profileinstaller:profileinstaller:1.3.1] AndroidManifest.xml:41:25-88
248            </intent-filter>
249            <intent-filter>
249-->[androidx.profileinstaller:profileinstaller:1.3.1] AndroidManifest.xml:43:13-45:29
250                <action android:name="androidx.profileinstaller.action.SKIP_FILE" />
250-->[androidx.profileinstaller:profileinstaller:1.3.1] AndroidManifest.xml:44:17-85
250-->[androidx.profileinstaller:profileinstaller:1.3.1] AndroidManifest.xml:44:25-82
251            </intent-filter>
252            <intent-filter>
252-->[androidx.profileinstaller:profileinstaller:1.3.1] AndroidManifest.xml:46:13-48:29
253                <action android:name="androidx.profileinstaller.action.SAVE_PROFILE" />
253-->[androidx.profileinstaller:profileinstaller:1.3.1] AndroidManifest.xml:47:17-88
253-->[androidx.profileinstaller:profileinstaller:1.3.1] AndroidManifest.xml:47:25-85
254            </intent-filter>
255            <intent-filter>
255-->[androidx.profileinstaller:profileinstaller:1.3.1] AndroidManifest.xml:49:13-51:29
256                <action android:name="androidx.profileinstaller.action.BENCHMARK_OPERATION" />
256-->[androidx.profileinstaller:profileinstaller:1.3.1] AndroidManifest.xml:50:17-95
256-->[androidx.profileinstaller:profileinstaller:1.3.1] AndroidManifest.xml:50:25-92
257            </intent-filter>
258        </receiver>
259    </application>
260
261</manifest>